<?xml version="1.0" encoding="UTF-8"?>
<!-- Generated by org.testng.reporters.JUnitXMLReporter -->
<testsuite hostname="LAPTOP-7G8T14EK" ignored="0" name="Akki Huawei" tests="2" failures="2" timestamp="29 Dec 2020 17:41:25 GMT" time="64.302" errors="0">
  <testcase name="runScenario" time="21.376" classname="testrunners.MyTestRunner">
    <failure type="org.openqa.selenium.NoSuchElementException" message="An element could not be located on the page using the given search parameters.
For documentation on this error, please visit: https://www.seleniumhq.org/exceptions/no_such_element.html
Build info: version: &amp;apos;3.141.59&amp;apos;, revision: &amp;apos;e82be7d358&amp;apos;, time: &amp;apos;2018-11-14T08:17:03&amp;apos;
System info: host: &amp;apos;LAPTOP-7G8T14EK&amp;apos;, ip: &amp;apos;192.168.56.1&amp;apos;, os.name: &amp;apos;Windows 10&amp;apos;, os.arch: &amp;apos;amd64&amp;apos;, os.version: &amp;apos;10.0&amp;apos;, java.version: &amp;apos;1.8.0_221&amp;apos;
Driver info: io.appium.java_client.android.AndroidDriver
Capabilities {appActivity: .activity.SplashActivity, appPackage: com.squats.fittr, chromedriverPort: 5645, databaseEnabled: false, desired: {appActivity: .activity.SplashActivity, appPackage: com.squats.fittr, chromedriverPort: 5645, deviceName: 90329051, platformName: android, platformVersion: 10, server:CONFIG_UUID: 6c7e712d-911b-4513-9c75-4e3..., udid: 90329051}, deviceApiLevel: 29, deviceManufacturer: Sonimtech, deviceModel: XP8800, deviceName: 90329051, deviceScreenDensity: 480, deviceScreenSize: 1080x1920, deviceUDID: 90329051, javascriptEnabled: true, locationContextEnabled: false, networkConnectionEnabled: true, pixelRatio: 3, platform: LINUX, platformName: Android, platformVersion: 10, server:CONFIG_UUID: 6c7e712d-911b-4513-9c75-4e3..., statBarHeight: 72, takesScreenshot: true, udid: 90329051, viewportRect: {height: 1848, left: 0, top: 72, width: 1080}, warnings: {}, webStorageEnabled: false}
Session ID: c60f70c4-6cee-442b-8e49-d489f65dba7d
*** Element info: {Using=id, value=com.squats.fittr:id/material_target_prompt_view}">
      <![CDATA[org.openqa.selenium.NoSuchElementException: An element could not be located on the page using the given search parameters.
For documentation on this error, please visit: https://www.seleniumhq.org/exceptions/no_such_element.html
Build info: version: '3.141.59', revision: 'e82be7d358', time: '2018-11-14T08:17:03'
System info: host: 'LAPTOP-7G8T14EK', ip: '192.168.56.1', os.name: 'Windows 10', os.arch: 'amd64', os.version: '10.0', java.version: '1.8.0_221'
Driver info: io.appium.java_client.android.AndroidDriver
Capabilities {appActivity: .activity.SplashActivity, appPackage: com.squats.fittr, chromedriverPort: 5645, databaseEnabled: false, desired: {appActivity: .activity.SplashActivity, appPackage: com.squats.fittr, chromedriverPort: 5645, deviceName: 90329051, platformName: android, platformVersion: 10, server:CONFIG_UUID: 6c7e712d-911b-4513-9c75-4e3..., udid: 90329051}, deviceApiLevel: 29, deviceManufacturer: Sonimtech, deviceModel: XP8800, deviceName: 90329051, deviceScreenDensity: 480, deviceScreenSize: 1080x1920, deviceUDID: 90329051, javascriptEnabled: true, locationContextEnabled: false, networkConnectionEnabled: true, pixelRatio: 3, platform: LINUX, platformName: Android, platformVersion: 10, server:CONFIG_UUID: 6c7e712d-911b-4513-9c75-4e3..., statBarHeight: 72, takesScreenshot: true, udid: 90329051, viewportRect: {height: 1848, left: 0, top: 72, width: 1080}, warnings: {}, webStorageEnabled: false}
Session ID: c60f70c4-6cee-442b-8e49-d489f65dba7d
*** Element info: {Using=id, value=com.squats.fittr:id/material_target_prompt_view}
at org.openqa.selenium.remote.http.W3CHttpResponseCodec.createException(W3CHttpResponseCodec.java:187)
at org.openqa.selenium.remote.http.W3CHttpResponseCodec.decode(W3CHttpResponseCodec.java:122)
at org.openqa.selenium.remote.http.W3CHttpResponseCodec.decode(W3CHttpResponseCodec.java:49)
at org.openqa.selenium.remote.HttpCommandExecutor.execute(HttpCommandExecutor.java:158)
at io.appium.java_client.remote.AppiumCommandExecutor.execute(AppiumCommandExecutor.java:247)
at org.openqa.selenium.remote.RemoteWebDriver.execute(RemoteWebDriver.java:552)
at io.appium.java_client.DefaultGenericMobileDriver.execute(DefaultGenericMobileDriver.java:41)
at io.appium.java_client.AppiumDriver.execute(AppiumDriver.java:1)
at io.appium.java_client.android.AndroidDriver.execute(AndroidDriver.java:1)
at org.openqa.selenium.remote.RemoteWebDriver.findElement(RemoteWebDriver.java:323)
at io.appium.java_client.DefaultGenericMobileDriver.findElement(DefaultGenericMobileDriver.java:61)
at io.appium.java_client.AppiumDriver.findElement(AppiumDriver.java:1)
at io.appium.java_client.android.AndroidDriver.findElement(AndroidDriver.java:1)
at org.openqa.selenium.remote.RemoteWebDriver.findElementById(RemoteWebDriver.java:372)
at io.appium.java_client.DefaultGenericMobileDriver.findElementById(DefaultGenericMobileDriver.java:69)
at io.appium.java_client.AppiumDriver.findElementById(AppiumDriver.java:1)
at io.appium.java_client.android.AndroidDriver.findElementById(AndroidDriver.java:1)
at org.openqa.selenium.By$ById.findElement(By.java:188)
at org.openqa.selenium.remote.RemoteWebDriver.findElement(RemoteWebDriver.java:315)
at io.appium.java_client.DefaultGenericMobileDriver.findElement(DefaultGenericMobileDriver.java:57)
at io.appium.java_client.AppiumDriver.findElement(AppiumDriver.java:1)
at io.appium.java_client.android.AndroidDriver.findElement(AndroidDriver.java:1)
at com.screens.HomeScreen.homeScreen(HomeScreen.java:33)
at stepdefinitions.LoginScreenSteps.user_is_on_Home_screen(LoginScreenSteps.java:49)
at ✽.user is on Home Screen "Home"(file:///C:/Users/ApuAkki/eclipse-workspace/cucumberPracticeAppium/src/test/resources/com/features/HomeScreen.feature:10)
... Removed 4 stack frames]]>
    </failure>
  </testcase> <!-- runScenario -->
  <testcase name="runScenario" time="21.403" classname="testrunners.MyTestRunner">
    <failure type="org.openqa.selenium.NoSuchElementException" message="An element could not be located on the page using the given search parameters.
For documentation on this error, please visit: https://www.seleniumhq.org/exceptions/no_such_element.html
Build info: version: &amp;apos;3.141.59&amp;apos;, revision: &amp;apos;e82be7d358&amp;apos;, time: &amp;apos;2018-11-14T08:17:03&amp;apos;
System info: host: &amp;apos;LAPTOP-7G8T14EK&amp;apos;, ip: &amp;apos;192.168.56.1&amp;apos;, os.name: &amp;apos;Windows 10&amp;apos;, os.arch: &amp;apos;amd64&amp;apos;, os.version: &amp;apos;10.0&amp;apos;, java.version: &amp;apos;1.8.0_221&amp;apos;
Driver info: io.appium.java_client.android.AndroidDriver
Capabilities {appActivity: .activity.SplashActivity, appPackage: com.squats.fittr, chromedriverPort: 5645, databaseEnabled: false, desired: {appActivity: .activity.SplashActivity, appPackage: com.squats.fittr, chromedriverPort: 5645, deviceName: 86S7N18530001837, platformName: android, platformVersion: 9, server:CONFIG_UUID: 6c7e712d-911b-4513-9c75-4e3..., udid: 90329051}, deviceApiLevel: 29, deviceManufacturer: Sonimtech, deviceModel: XP8800, deviceName: 90329051, deviceScreenDensity: 480, deviceScreenSize: 1080x1920, deviceUDID: 90329051, javascriptEnabled: true, locationContextEnabled: false, networkConnectionEnabled: true, pixelRatio: 3, platform: LINUX, platformName: Android, platformVersion: 10, server:CONFIG_UUID: 6c7e712d-911b-4513-9c75-4e3..., statBarHeight: 72, takesScreenshot: true, udid: 90329051, viewportRect: {height: 1848, left: 0, top: 72, width: 1080}, warnings: {}, webStorageEnabled: false}
Session ID: 424a252b-0992-43c0-afda-de90a03386e5
*** Element info: {Using=id, value=com.squats.fittr:id/material_target_prompt_view}">
      <![CDATA[org.openqa.selenium.NoSuchElementException: An element could not be located on the page using the given search parameters.
For documentation on this error, please visit: https://www.seleniumhq.org/exceptions/no_such_element.html
Build info: version: '3.141.59', revision: 'e82be7d358', time: '2018-11-14T08:17:03'
System info: host: 'LAPTOP-7G8T14EK', ip: '192.168.56.1', os.name: 'Windows 10', os.arch: 'amd64', os.version: '10.0', java.version: '1.8.0_221'
Driver info: io.appium.java_client.android.AndroidDriver
Capabilities {appActivity: .activity.SplashActivity, appPackage: com.squats.fittr, chromedriverPort: 5645, databaseEnabled: false, desired: {appActivity: .activity.SplashActivity, appPackage: com.squats.fittr, chromedriverPort: 5645, deviceName: 86S7N18530001837, platformName: android, platformVersion: 9, server:CONFIG_UUID: 6c7e712d-911b-4513-9c75-4e3..., udid: 90329051}, deviceApiLevel: 29, deviceManufacturer: Sonimtech, deviceModel: XP8800, deviceName: 90329051, deviceScreenDensity: 480, deviceScreenSize: 1080x1920, deviceUDID: 90329051, javascriptEnabled: true, locationContextEnabled: false, networkConnectionEnabled: true, pixelRatio: 3, platform: LINUX, platformName: Android, platformVersion: 10, server:CONFIG_UUID: 6c7e712d-911b-4513-9c75-4e3..., statBarHeight: 72, takesScreenshot: true, udid: 90329051, viewportRect: {height: 1848, left: 0, top: 72, width: 1080}, warnings: {}, webStorageEnabled: false}
Session ID: 424a252b-0992-43c0-afda-de90a03386e5
*** Element info: {Using=id, value=com.squats.fittr:id/material_target_prompt_view}
at org.openqa.selenium.remote.http.W3CHttpResponseCodec.createException(W3CHttpResponseCodec.java:187)
at org.openqa.selenium.remote.http.W3CHttpResponseCodec.decode(W3CHttpResponseCodec.java:122)
at org.openqa.selenium.remote.http.W3CHttpResponseCodec.decode(W3CHttpResponseCodec.java:49)
at org.openqa.selenium.remote.HttpCommandExecutor.execute(HttpCommandExecutor.java:158)
at io.appium.java_client.remote.AppiumCommandExecutor.execute(AppiumCommandExecutor.java:247)
at org.openqa.selenium.remote.RemoteWebDriver.execute(RemoteWebDriver.java:552)
at io.appium.java_client.DefaultGenericMobileDriver.execute(DefaultGenericMobileDriver.java:41)
at io.appium.java_client.AppiumDriver.execute(AppiumDriver.java:1)
at io.appium.java_client.android.AndroidDriver.execute(AndroidDriver.java:1)
at org.openqa.selenium.remote.RemoteWebDriver.findElement(RemoteWebDriver.java:323)
at io.appium.java_client.DefaultGenericMobileDriver.findElement(DefaultGenericMobileDriver.java:61)
at io.appium.java_client.AppiumDriver.findElement(AppiumDriver.java:1)
at io.appium.java_client.android.AndroidDriver.findElement(AndroidDriver.java:1)
at org.openqa.selenium.remote.RemoteWebDriver.findElementById(RemoteWebDriver.java:372)
at io.appium.java_client.DefaultGenericMobileDriver.findElementById(DefaultGenericMobileDriver.java:69)
at io.appium.java_client.AppiumDriver.findElementById(AppiumDriver.java:1)
at io.appium.java_client.android.AndroidDriver.findElementById(AndroidDriver.java:1)
at org.openqa.selenium.By$ById.findElement(By.java:188)
at org.openqa.selenium.remote.RemoteWebDriver.findElement(RemoteWebDriver.java:315)
at io.appium.java_client.DefaultGenericMobileDriver.findElement(DefaultGenericMobileDriver.java:57)
at io.appium.java_client.AppiumDriver.findElement(AppiumDriver.java:1)
at io.appium.java_client.android.AndroidDriver.findElement(AndroidDriver.java:1)
at com.screens.HomeScreen.homeScreen(HomeScreen.java:33)
at stepdefinitions.LoginScreenSteps.user_is_on_Home_screen(LoginScreenSteps.java:49)
at ✽.user is on Home Screen "Home"(file:///C:/Users/ApuAkki/eclipse-workspace/cucumberPracticeAppium/src/test/resources/com/features/LoginScreen.feature:10)
... Removed 4 stack frames]]>
    </failure>
  </testcase> <!-- runScenario -->
</testsuite> <!-- Akki Huawei -->
