<?xml version="1.0" encoding="UTF-8"?>
<!-- Generated by org.testng.reporters.JUnitReportReporter -->
<testsuite skipped="0" hostname="LAPTOP-7G8T14EK" name="testrunners.MyTestRunner" tests="4" failures="0" timestamp="29 Dec 2020 17:41:25 GMT" time="123.480" errors="2">
  <testcase name="runScenario" time="31.473" classname="testrunners.MyTestRunner">
    <error type="org.openqa.selenium.NoSuchElementException" message="An element could not be located on the page using the given search parameters.
For documentation on this error, please visit: https://www.seleniumhq.org/exceptions/no_such_element.html
Build info: version: &#039;3.141.59&#039;, revision: &#039;e82be7d358&#039;, time: &#039;2018-11-14T08:17:03&#039;
System info: host: &#039;LAPTOP-7G8T14EK&#039;, ip: &#039;192.168.56.1&#039;, os.name: &#039;Windows 10&#039;, os.arch: &#039;amd64&#039;, os.version: &#039;10.0&#039;, java.version: &#039;1.8.0_221&#039;
Driver info: io.appium.java_client.android.AndroidDriver
Capabilities {appActivity: .activity.SplashActivity, appPackage: com.squats.fittr, chromedriverPort: 5645, databaseEnabled: false, desired: {appActivity: .activity.SplashActivity, appPackage: com.squats.fittr, chromedriverPort: 5645, deviceName: 86S7N18530001837, platformName: android, platformVersion: 9, server:CONFIG_UUID: 6c7e712d-911b-4513-9c75-4e3..., udid: 90329051}, deviceApiLevel: 29, deviceManufacturer: Sonimtech, deviceModel: XP8800, deviceName: 90329051, deviceScreenDensity: 480, deviceScreenSize: 1080x1920, deviceUDID: 90329051, javascriptEnabled: true, locationContextEnabled: false, networkConnectionEnabled: true, pixelRatio: 3, platform: LINUX, platformName: Android, platformVersion: 10, server:CONFIG_UUID: 6c7e712d-911b-4513-9c75-4e3..., statBarHeight: 72, takesScreenshot: true, udid: 90329051, viewportRect: {height: 1848, left: 0, top: 72, width: 1080}, warnings: {}, webStorageEnabled: false}
Session ID: 424a252b-0992-43c0-afda-de90a03386e5
*** Element info: {Using=id, value=com.squats.fittr:id/material_target_prompt_view}">
      <![CDATA[org.openqa.selenium.NoSuchElementException: An element could not be located on the page using the given search parameters.
For documentation on this error, please visit: https://www.seleniumhq.org/exceptions/no_such_element.html
Build info: version: '3.141.59', revision: 'e82be7d358', time: '2018-11-14T08:17:03'
System info: host: 'LAPTOP-7G8T14EK', ip: '192.168.56.1', os.name: 'Windows 10', os.arch: 'amd64', os.version: '10.0', java.version: '1.8.0_221'
Driver info: io.appium.java_client.android.AndroidDriver
Capabilities {appActivity: .activity.SplashActivity, appPackage: com.squats.fittr, chromedriverPort: 5645, databaseEnabled: false, desired: {appActivity: .activity.SplashActivity, appPackage: com.squats.fittr, chromedriverPort: 5645, deviceName: 86S7N18530001837, platformName: android, platformVersion: 9, server:CONFIG_UUID: 6c7e712d-911b-4513-9c75-4e3..., udid: 90329051}, deviceApiLevel: 29, deviceManufacturer: Sonimtech, deviceModel: XP8800, deviceName: 90329051, deviceScreenDensity: 480, deviceScreenSize: 1080x1920, deviceUDID: 90329051, javascriptEnabled: true, locationContextEnabled: false, networkConnectionEnabled: true, pixelRatio: 3, platform: LINUX, platformName: Android, platformVersion: 10, server:CONFIG_UUID: 6c7e712d-911b-4513-9c75-4e3..., statBarHeight: 72, takesScreenshot: true, udid: 90329051, viewportRect: {height: 1848, left: 0, top: 72, width: 1080}, warnings: {}, webStorageEnabled: false}
Session ID: 424a252b-0992-43c0-afda-de90a03386e5
*** Element info: {Using=id, value=com.squats.fittr:id/material_target_prompt_view}
at sun.reflect.NativeConstructorAccessorImpl.newInstance0(Native Method)
at sun.reflect.NativeConstructorAccessorImpl.newInstance(Unknown Source)
at sun.reflect.DelegatingConstructorAccessorImpl.newInstance(Unknown Source)
at java.lang.reflect.Constructor.newInstance(Unknown Source)
at org.openqa.selenium.remote.http.W3CHttpResponseCodec.createException(W3CHttpResponseCodec.java:187)
at org.openqa.selenium.remote.http.W3CHttpResponseCodec.decode(W3CHttpResponseCodec.java:122)
at org.openqa.selenium.remote.http.W3CHttpResponseCodec.decode(W3CHttpResponseCodec.java:49)
at org.openqa.selenium.remote.HttpCommandExecutor.execute(HttpCommandExecutor.java:158)
at io.appium.java_client.remote.AppiumCommandExecutor.execute(AppiumCommandExecutor.java:247)
at org.openqa.selenium.remote.RemoteWebDriver.execute(RemoteWebDriver.java:552)
at io.appium.java_client.DefaultGenericMobileDriver.execute(DefaultGenericMobileDriver.java:41)
at io.appium.java_client.AppiumDriver.execute(AppiumDriver.java:1)
at io.appium.java_client.android.AndroidDriver.execute(AndroidDriver.java:1)
at org.openqa.selenium.remote.RemoteWebDriver.findElement(RemoteWebDriver.java:323)
at io.appium.java_client.DefaultGenericMobileDriver.findElement(DefaultGenericMobileDriver.java:61)
at io.appium.java_client.AppiumDriver.findElement(AppiumDriver.java:1)
at io.appium.java_client.android.AndroidDriver.findElement(AndroidDriver.java:1)
at org.openqa.selenium.remote.RemoteWebDriver.findElementById(RemoteWebDriver.java:372)
at io.appium.java_client.DefaultGenericMobileDriver.findElementById(DefaultGenericMobileDriver.java:69)
at io.appium.java_client.AppiumDriver.findElementById(AppiumDriver.java:1)
at io.appium.java_client.android.AndroidDriver.findElementById(AndroidDriver.java:1)
at org.openqa.selenium.By$ById.findElement(By.java:188)
at org.openqa.selenium.remote.RemoteWebDriver.findElement(RemoteWebDriver.java:315)
at io.appium.java_client.DefaultGenericMobileDriver.findElement(DefaultGenericMobileDriver.java:57)
at io.appium.java_client.AppiumDriver.findElement(AppiumDriver.java:1)
at io.appium.java_client.android.AndroidDriver.findElement(AndroidDriver.java:1)
at com.screens.HomeScreen.homeScreen(HomeScreen.java:33)
at stepdefinitions.LoginScreenSteps.user_is_on_Home_screen(LoginScreenSteps.java:49)
at ✽.user is on Home Screen "Home"(file:///C:/Users/ApuAkki/eclipse-workspace/cucumberPracticeAppium/src/test/resources/com/features/LoginScreen.feature:10)
]]>
    </error>
  </testcase> <!-- runScenario -->
  <testcase name="runScenario" time="31.853" classname="testrunners.MyTestRunner"/>
  <testcase name="runScenario" time="28.638" classname="testrunners.MyTestRunner"/>
  <testcase name="runScenario" time="31.516" classname="testrunners.MyTestRunner">
    <error type="org.openqa.selenium.NoSuchElementException" message="An element could not be located on the page using the given search parameters.
For documentation on this error, please visit: https://www.seleniumhq.org/exceptions/no_such_element.html
Build info: version: &#039;3.141.59&#039;, revision: &#039;e82be7d358&#039;, time: &#039;2018-11-14T08:17:03&#039;
System info: host: &#039;LAPTOP-7G8T14EK&#039;, ip: &#039;192.168.56.1&#039;, os.name: &#039;Windows 10&#039;, os.arch: &#039;amd64&#039;, os.version: &#039;10.0&#039;, java.version: &#039;1.8.0_221&#039;
Driver info: io.appium.java_client.android.AndroidDriver
Capabilities {appActivity: .activity.SplashActivity, appPackage: com.squats.fittr, chromedriverPort: 5645, databaseEnabled: false, desired: {appActivity: .activity.SplashActivity, appPackage: com.squats.fittr, chromedriverPort: 5645, deviceName: 90329051, platformName: android, platformVersion: 10, server:CONFIG_UUID: 6c7e712d-911b-4513-9c75-4e3..., udid: 90329051}, deviceApiLevel: 29, deviceManufacturer: Sonimtech, deviceModel: XP8800, deviceName: 90329051, deviceScreenDensity: 480, deviceScreenSize: 1080x1920, deviceUDID: 90329051, javascriptEnabled: true, locationContextEnabled: false, networkConnectionEnabled: true, pixelRatio: 3, platform: LINUX, platformName: Android, platformVersion: 10, server:CONFIG_UUID: 6c7e712d-911b-4513-9c75-4e3..., statBarHeight: 72, takesScreenshot: true, udid: 90329051, viewportRect: {height: 1848, left: 0, top: 72, width: 1080}, warnings: {}, webStorageEnabled: false}
Session ID: c60f70c4-6cee-442b-8e49-d489f65dba7d
*** Element info: {Using=id, value=com.squats.fittr:id/material_target_prompt_view}">
      <![CDATA[org.openqa.selenium.NoSuchElementException: An element could not be located on the page using the given search parameters.
For documentation on this error, please visit: https://www.seleniumhq.org/exceptions/no_such_element.html
Build info: version: '3.141.59', revision: 'e82be7d358', time: '2018-11-14T08:17:03'
System info: host: 'LAPTOP-7G8T14EK', ip: '192.168.56.1', os.name: 'Windows 10', os.arch: 'amd64', os.version: '10.0', java.version: '1.8.0_221'
Driver info: io.appium.java_client.android.AndroidDriver
Capabilities {appActivity: .activity.SplashActivity, appPackage: com.squats.fittr, chromedriverPort: 5645, databaseEnabled: false, desired: {appActivity: .activity.SplashActivity, appPackage: com.squats.fittr, chromedriverPort: 5645, deviceName: 90329051, platformName: android, platformVersion: 10, server:CONFIG_UUID: 6c7e712d-911b-4513-9c75-4e3..., udid: 90329051}, deviceApiLevel: 29, deviceManufacturer: Sonimtech, deviceModel: XP8800, deviceName: 90329051, deviceScreenDensity: 480, deviceScreenSize: 1080x1920, deviceUDID: 90329051, javascriptEnabled: true, locationContextEnabled: false, networkConnectionEnabled: true, pixelRatio: 3, platform: LINUX, platformName: Android, platformVersion: 10, server:CONFIG_UUID: 6c7e712d-911b-4513-9c75-4e3..., statBarHeight: 72, takesScreenshot: true, udid: 90329051, viewportRect: {height: 1848, left: 0, top: 72, width: 1080}, warnings: {}, webStorageEnabled: false}
Session ID: c60f70c4-6cee-442b-8e49-d489f65dba7d
*** Element info: {Using=id, value=com.squats.fittr:id/material_target_prompt_view}
at sun.reflect.NativeConstructorAccessorImpl.newInstance0(Native Method)
at sun.reflect.NativeConstructorAccessorImpl.newInstance(Unknown Source)
at sun.reflect.DelegatingConstructorAccessorImpl.newInstance(Unknown Source)
at java.lang.reflect.Constructor.newInstance(Unknown Source)
at org.openqa.selenium.remote.http.W3CHttpResponseCodec.createException(W3CHttpResponseCodec.java:187)
at org.openqa.selenium.remote.http.W3CHttpResponseCodec.decode(W3CHttpResponseCodec.java:122)
at org.openqa.selenium.remote.http.W3CHttpResponseCodec.decode(W3CHttpResponseCodec.java:49)
at org.openqa.selenium.remote.HttpCommandExecutor.execute(HttpCommandExecutor.java:158)
at io.appium.java_client.remote.AppiumCommandExecutor.execute(AppiumCommandExecutor.java:247)
at org.openqa.selenium.remote.RemoteWebDriver.execute(RemoteWebDriver.java:552)
at io.appium.java_client.DefaultGenericMobileDriver.execute(DefaultGenericMobileDriver.java:41)
at io.appium.java_client.AppiumDriver.execute(AppiumDriver.java:1)
at io.appium.java_client.android.AndroidDriver.execute(AndroidDriver.java:1)
at org.openqa.selenium.remote.RemoteWebDriver.findElement(RemoteWebDriver.java:323)
at io.appium.java_client.DefaultGenericMobileDriver.findElement(DefaultGenericMobileDriver.java:61)
at io.appium.java_client.AppiumDriver.findElement(AppiumDriver.java:1)
at io.appium.java_client.android.AndroidDriver.findElement(AndroidDriver.java:1)
at org.openqa.selenium.remote.RemoteWebDriver.findElementById(RemoteWebDriver.java:372)
at io.appium.java_client.DefaultGenericMobileDriver.findElementById(DefaultGenericMobileDriver.java:69)
at io.appium.java_client.AppiumDriver.findElementById(AppiumDriver.java:1)
at io.appium.java_client.android.AndroidDriver.findElementById(AndroidDriver.java:1)
at org.openqa.selenium.By$ById.findElement(By.java:188)
at org.openqa.selenium.remote.RemoteWebDriver.findElement(RemoteWebDriver.java:315)
at io.appium.java_client.DefaultGenericMobileDriver.findElement(DefaultGenericMobileDriver.java:57)
at io.appium.java_client.AppiumDriver.findElement(AppiumDriver.java:1)
at io.appium.java_client.android.AndroidDriver.findElement(AndroidDriver.java:1)
at com.screens.HomeScreen.homeScreen(HomeScreen.java:33)
at stepdefinitions.LoginScreenSteps.user_is_on_Home_screen(LoginScreenSteps.java:49)
at ✽.user is on Home Screen "Home"(file:///C:/Users/ApuAkki/eclipse-workspace/cucumberPracticeAppium/src/test/resources/com/features/HomeScreen.feature:10)
]]>
    </error>
  </testcase> <!-- runScenario -->
</testsuite> <!-- testrunners.MyTestRunner -->
